Arguments: 
  C:\Program Files (x86)\nodejs\node.exe C:\Program Files (x86)\Yarn\bin\yarn.js add netlify-lambda

PATH: 
  C:\Users\Zelek\.babun\cygwin\home\Zelek\.local\bin;C:\Users\Zelek\.babun\cygwin\usr\local\bin;C:\Users\Zelek\.babun\cygwin\home\Zelek\.local\bin;C:\Users\Zelek\.babun\cygwin\usr\local\bin;C:\Users\Zelek\.babun\cygwin\bin;C:\Program Files\NVIDIA GPU Computing Toolkit\CUDA\v9.0\bin;C:\Program Files\NVIDIA GPU Computing Toolkit\CUDA\v9.0\libnvvp;C:\ProgramData\Oracle\Java\javapath;C:\WINDOWS\system32;C:\WINDOWS;C:\WINDOWS\System32\Wbem;C:\WINDOWS\System32\WindowsPowerShell\v1.0;C:\Program Files (x86)\NVIDIA Corporation\PhysX\Common;C:\Program Files (x86)\Windows Kits\8.1\Windows Performance Toolkit;C:\Program Files\Microsoft SQL Server\110\Tools\Binn;C:\Program Files\Java\jdk1.8.0_51\bin;C:\Users\Zelek\.babun\cygwin\bin;F:\Development\Emscripten\clang\e1.34.1_64bit;F:\Development\Emscripten\node\0.12.2_64bit;F:\Development\Emscripten\python\2.7.5.3_64bit;F:\Development\Emscripten\java\7.45_64bit\bin;F:\Development\Emscripten;F:\Development\Emscripten\emscripten\1.34.1;F:\Development\Emscripten\crunch\1.03;F:\Development\Emscripten\mingw\4.6.2_32bit;F:\Development\CMake\bin;F:\Development\gradle-2.6\bin;C:\Program Files (x86)\GtkSharp\2.12\bin;F:\Development\Android SDK\platform-tools;C:\Program Files (x86)\Heroku\bin;C:\Program Files (x86)\git\cmd;C:\Users\Zelek\.babun\cygwin\usr\sbin;C:\Users\Zelek\.dnx\bin;C:\Program Files\Microsoft DNX\Dnvm;C:\WINDOWS\system32;C:\WINDOWS;C:\WINDOWS\System32\Wbem;C:\WINDOWS\System32\WindowsPowerShell\v1.0;C:\Program Files (x86)\Skype\Phone;C:\Program Files\NVIDIA GPU Computing Toolkit\CUDA\v9.0;C:\Users\Zelek\AppData\Local\Programs\Python\Python36\Scripts;%HAXEPATH%;%NEKO_INSTPATH%;C:\Program Files (x86)\nodejs;C:\Hugo\bin;C:\Program Files (x86)\Yarn\bin;C:\Users\Zelek\.babun;C:\Users\Zelek\AppData\Local\Microsoft\WindowsApps;C:\Users\Zelek\AppData\Roaming\npm;C:\Users\Zelek\AppData\Local\Google\Cloud SDK\google-cloud-sdk\bin;C:\Users\Zelek\AppData\Local\Yarn\bin

Yarn version: 
  1.6.0

Node version: 
  8.11.1

Platform: 
  win32 x64

Trace: 
  Error: https://registry.yarnpkg.com/lodash/-/lodash-4.17.10.tgz: ESOCKETTIMEDOUT
      at ClientRequest.<anonymous> (C:\Program Files (x86)\Yarn\lib\cli.js:133786:19)
      at Object.onceWrapper (events.js:313:30)
      at emitNone (events.js:106:13)
      at ClientRequest.emit (events.js:208:7)
      at TLSSocket.emitTimeout (_http_client.js:711:34)
      at Object.onceWrapper (events.js:313:30)
      at emitNone (events.js:106:13)
      at TLSSocket.emit (events.js:208:7)
      at TLSSocket.Socket._onTimeout (net.js:420:8)
      at ontimeout (timers.js:482:11)

npm manifest: 
  No manifest

yarn manifest: 
  No manifest

Lockfile: 
  No lockfile
